
/home/runner/work/exp-density-sensor-coep/exp-density-sensor-coep/experiment/simulation/lib/jquery.js
  2:58     warning  'module' is not defined                                                    no-undef
  2:73     warning  'module' is not defined                                                    no-undef
  2:6324   warning  Expected a conditional expression and instead saw an assignment            no-cond-assign
  2:6580   warning  Expected a conditional expression and instead saw an assignment            no-cond-assign
  2:7011   warning  Expected a conditional expression and instead saw an assignment            no-cond-assign
  2:7270   warning  Empty block statement                                                      no-empty
  2:7839   warning  Expected a conditional expression and instead saw an assignment            no-cond-assign
  2:9709   warning  Expected a conditional expression and instead saw an assignment            no-cond-assign
  2:11311  warning  Expected a conditional expression and instead saw an assignment            no-cond-assign
  2:11887  warning  Expected a conditional expression and instead saw an assignment            no-cond-assign
  2:11925  warning  Expected a conditional expression and instead saw an assignment            no-cond-assign
  2:12343  warning  Empty block statement                                                      no-empty
  2:12906  warning  Expected a conditional expression and instead saw an assignment            no-cond-assign
  2:13218  warning  Expected a conditional expression and instead saw an assignment            no-cond-assign
  2:15046  warning  Expected a conditional expression and instead saw an assignment            no-cond-assign
  2:15317  warning  Expected a conditional expression and instead saw an assignment            no-cond-assign
  2:15517  warning  Expected a conditional expression and instead saw an assignment            no-cond-assign
  2:15893  warning  Do not access Object.prototype method 'hasOwnProperty' from target object  no-prototype-builtins
  2:16598  warning  Expected a conditional expression and instead saw an assignment            no-cond-assign
  2:18982  warning  Expected a conditional expression and instead saw an assignment            no-cond-assign
  2:19073  warning  Expected a conditional expression and instead saw an assignment            no-cond-assign
  2:19133  warning  Expected a conditional expression and instead saw an assignment            no-cond-assign
  2:20435  warning  Expected a conditional expression and instead saw an assignment            no-cond-assign
  2:21049  warning  Expected a conditional expression and instead saw an assignment            no-cond-assign
  2:21160  warning  Expected a conditional expression and instead saw an assignment            no-cond-assign
  2:23420  warning  Unnecessary escape character: \[                                           no-useless-escape
  2:23422  warning  Unnecessary escape character: \.                                           no-useless-escape
  2:30761  warning  Empty block statement                                                      no-empty
  2:31981  warning  Empty block statement                                                      no-empty
  3:7811   warning  Expected a conditional expression and instead saw an assignment            no-cond-assign
  3:7951   warning  Expected a conditional expression and instead saw an assignment            no-cond-assign
  3:8441   warning  Empty block statement                                                      no-empty
  3:11852  warning  Empty block statement                                                      no-empty
  3:14493  warning  Empty block statement                                                      no-empty
  3:24051  warning  Empty block statement                                                      no-empty
  3:26100  warning  Move function declaration to function body root                            no-inner-declarations
  3:30714  warning  Empty block statement                                                      no-empty
  4:2546   warning  Expected a conditional expression and instead saw an assignment            no-cond-assign
  4:5062   warning  Expected a conditional expression and instead saw an assignment            no-cond-assign
  4:11701  warning  Expected a conditional expression and instead saw an assignment            no-cond-assign
  4:13447  warning  Empty block statement                                                      no-empty
  4:14747  warning  Expected a conditional expression and instead saw an assignment            no-cond-assign
  4:14827  warning  Expected a conditional expression and instead saw an assignment            no-cond-assign
  4:15164  warning  Expected a conditional expression and instead saw an assignment            no-cond-assign
  4:15244  warning  Expected a conditional expression and instead saw an assignment            no-cond-assign
  4:15659  warning  Expected a conditional expression and instead saw an assignment            no-cond-assign
  4:15915  warning  Expected a conditional expression and instead saw an assignment            no-cond-assign
  4:16492  warning  Unnecessary escape character: \/                                           no-useless-escape
  4:17365  warning  Unnecessary escape character: \/                                           no-useless-escape
  4:17377  warning  Unnecessary escape character: \/                                           no-useless-escape
  4:17610  warning  Expected a conditional expression and instead saw an assignment            no-cond-assign
  4:20109  warning  Expected a conditional expression and instead saw an assignment            no-cond-assign
  4:22009  warning  Expected a conditional expression and instead saw an assignment            no-cond-assign
  4:27128  warning  Empty block statement                                                      no-empty
  4:27205  warning  Empty block statement                                                      no-empty
  5:812    warning  'define' is not defined                                                    no-undef
  5:824    warning  'define' is not defined                                                    no-undef

/home/runner/work/exp-density-sensor-coep/exp-density-sensor-coep/experiment/simulation/lib/jquery.min.js
  2:71     warning  'module' is not defined                                                    no-undef
  2:86     warning  'module' is not defined                                                    no-undef
  2:5433   warning  Unexpected control character(s) in regular expression: \x1f, \x1f          no-control-regex
  2:5916   warning  Expected a conditional expression and instead saw an assignment            no-cond-assign
  2:6170   warning  Expected a conditional expression and instead saw an assignment            no-cond-assign
  2:6614   warning  Expected a conditional expression and instead saw an assignment            no-cond-assign
  2:7404   warning  Expected a conditional expression and instead saw an assignment            no-cond-assign
  2:9497   warning  Expected a conditional expression and instead saw an assignment            no-cond-assign
  2:9807   warning  Expected a conditional expression and instead saw an assignment            no-cond-assign
  2:11608  warning  Expected a conditional expression and instead saw an assignment            no-cond-assign
  2:12183  warning  Expected a conditional expression and instead saw an assignment            no-cond-assign
  2:12221  warning  Expected a conditional expression and instead saw an assignment            no-cond-assign
  2:13234  warning  Expected a conditional expression and instead saw an assignment            no-cond-assign
  2:13546  warning  Expected a conditional expression and instead saw an assignment            no-cond-assign
  2:15374  warning  Expected a conditional expression and instead saw an assignment            no-cond-assign
  2:15645  warning  Expected a conditional expression and instead saw an assignment            no-cond-assign
  2:15843  warning  Expected a conditional expression and instead saw an assignment            no-cond-assign
  2:16217  warning  Do not access Object.prototype method 'hasOwnProperty' from target object  no-prototype-builtins
  2:16907  warning  Expected a conditional expression and instead saw an assignment            no-cond-assign
  2:18727  warning  Expected a conditional expression and instead saw an assignment            no-cond-assign
  2:18827  warning  Expected a conditional expression and instead saw an assignment            no-cond-assign
  2:18887  warning  Expected a conditional expression and instead saw an assignment            no-cond-assign
  2:19071  warning  Expected a conditional expression and instead saw an assignment            no-cond-assign
  2:20240  warning  Expected a conditional expression and instead saw an assignment            no-cond-assign
  2:21514  warning  Expected a conditional expression and instead saw an assignment            no-cond-assign
  2:21625  warning  Expected a conditional expression and instead saw an assignment            no-cond-assign
  2:23791  warning  Unnecessary escape character: \/                                           no-useless-escape
  2:33395  warning  Empty block statement                                                      no-empty
  2:37269  warning  Unnecessary escape character: \/                                           no-useless-escape
  2:38490  warning  Expected a conditional expression and instead saw an assignment            no-cond-assign
  2:38606  warning  Expected a conditional expression and instead saw an assignment            no-cond-assign
  2:39234  warning  Empty block statement                                                      no-empty
  2:46727  warning  Unnecessary escape character: \/                                           no-useless-escape
  2:49033  warning  Expected a conditional expression and instead saw an assignment            no-cond-assign
  2:50593  warning  Empty block statement                                                      no-empty
  2:58406  warning  Expected a conditional expression and instead saw an assignment            no-cond-assign
  2:59575  warning  Expected a conditional expression and instead saw an assignment            no-cond-assign
  2:65215  warning  Expected a conditional expression and instead saw an assignment            no-cond-assign
  2:66958  warning  Expected a conditional expression and instead saw an assignment            no-cond-assign
  2:67024  warning  Expected a conditional expression and instead saw an assignment            no-cond-assign
  2:67328  warning  Expected a conditional expression and instead saw an assignment            no-cond-assign
  2:67394  warning  Expected a conditional expression and instead saw an assignment            no-cond-assign
  2:67801  warning  Expected a conditional expression and instead saw an assignment            no-cond-assign
  2:68078  warning  Expected a conditional expression and instead saw an assignment            no-cond-assign
  2:73449  warning  Expected a conditional expression and instead saw an assignment            no-cond-assign
  2:75043  warning  Expected a conditional expression and instead saw an assignment            no-cond-assign
  2:75823  warning  'r.href' is assigned to itself                                             no-self-assign
  2:80414  warning  Empty block statement                                                      no-empty
  2:83525  warning  Expected a conditional expression and instead saw an assignment            no-cond-assign
  2:87869  warning  'define' is not defined                                                    no-undef
  2:87881  warning  'define' is not defined                                                    no-undef

/home/runner/work/exp-density-sensor-coep/exp-density-sensor-coep/experiment/simulation/lib/raphael.js
  5800:60  error  Parsing error: Deleting local variable in strict mode

/home/runner/work/exp-density-sensor-coep/exp-density-sensor-coep/experiment/simulation/lib/raphael.min.js
  1:66     warning  'module' is not defined                                                                                                                          no-undef
  1:112    warning  'define' is not defined                                                                                                                          no-undef
  1:123    warning  'define' is not defined                                                                                                                          no-undef
  1:161    warning  'exports' is not defined                                                                                                                         no-undef
  1:1566   warning  'DocumentTouch' is not defined                                                                                                                   no-undef
  1:2001   warning  Unnecessary escape character: \.                                                                                                                 no-useless-escape
  1:2017   warning  Unnecessary escape character: \.                                                                                                                 no-useless-escape
  1:2033   warning  Unnecessary escape character: \.                                                                                                                 no-useless-escape
  1:2052   warning  Unnecessary escape character: \.                                                                                                                 no-useless-escape
  1:2081   warning  Unnecessary escape character: \.                                                                                                                 no-useless-escape
  1:2110   warning  Unnecessary escape character: \.                                                                                                                 no-useless-escape
  1:2126   warning  Unnecessary escape character: \.                                                                                                                 no-useless-escape
  1:2145   warning  Unnecessary escape character: \.                                                                                                                 no-useless-escape
  1:2174   warning  Unnecessary escape character: \.                                                                                                                 no-useless-escape
  1:2203   warning  Unnecessary escape character: \.                                                                                                                 no-useless-escape
  1:2219   warning  Unnecessary escape character: \.                                                                                                                 no-useless-escape
  1:2238   warning  Unnecessary escape character: \.                                                                                                                 no-useless-escape
  1:2346   warning  Unnecessary escape character: \)                                                                                                                 no-useless-escape
  1:3257   warning  Unexpected control character(s) in regular expression: \x09, \x0a, \x0b, \x0c, \x0d, \x09, \x0a, \x0b, \x0c, \x0d                                no-control-regex
  1:3582   warning  Unexpected control character(s) in regular expression: \x09, \x0a, \x0b, \x0c, \x0d, \x09, \x0a, \x0b, \x0c, \x0d, \x09, \x0a, \x0b, \x0c, \x0d  no-control-regex
  1:3756   warning  Unnecessary escape character: \-                                                                                                                 no-useless-escape
  1:4055   warning  Unexpected control character(s) in regular expression: \x09, \x0a, \x0b, \x0c, \x0d, \x09, \x0a, \x0b, \x0c, \x0d, \x09, \x0a, \x0b, \x0c, \x0d  no-control-regex
  1:4222   warning  Unnecessary escape character: \-                                                                                                                 no-useless-escape
  1:4521   warning  Unexpected control character(s) in regular expression: \x09, \x0a, \x0b, \x0c, \x0d, \x09, \x0a, \x0b, \x0c, \x0d                                no-control-regex
  1:4539   warning  Unnecessary escape character: \-                                                                                                                 no-useless-escape
  1:4856   warning  Unexpected control character(s) in regular expression: \x09, \x0a, \x0b, \x0c, \x0d, \x09, \x0a, \x0b, \x0c, \x0d                                no-control-regex
  1:5154   warning  Unnecessary escape character: \)                                                                                                                 no-useless-escape
  1:7857   warning  'ActiveXObject' is not defined                                                                                                                   no-undef
  1:7931   warning  'createPopup' is not defined                                                                                                                     no-undef
  1:19015  warning  Expected a 'break' statement before 'default'                                                                                                    no-fallthrough
  1:20113  warning  Expected a 'break' statement before 'default'                                                                                                    no-fallthrough
  1:20421  warning  Expected a 'break' statement before 'default'                                                                                                    no-fallthrough
  1:24342  warning  Unnecessary escape character: \.                                                                                                                 no-useless-escape
  1:35757  warning  't' is defined but never used                                                                                                                    no-unused-vars
  1:49075  warning  'r' is defined but never used                                                                                                                    no-unused-vars
  1:50549  warning  'i' is defined but never used                                                                                                                    no-unused-vars
  1:50598  warning  'r' is defined but never used                                                                                                                    no-unused-vars
  1:52666  warning  Unnecessary escape character: \}                                                                                                                 no-useless-escape
  1:53074  warning  Empty block statement                                                                                                                            no-empty
  1:53754  warning  Unnecessary escape character: \)                                                                                                                 no-useless-escape
  1:60967  warning  Unnecessary escape character: \-                                                                                                                 no-useless-escape
  1:72245  warning  Unnecessary escape character: \-                                                                                                                 no-useless-escape
  1:72515  warning  Unnecessary escape character: \(                                                                                                                 no-useless-escape
  1:72517  warning  Unnecessary escape character: \)                                                                                                                 no-useless-escape
  1:75570  warning  Expected a conditional expression and instead saw an assignment                                                                                  no-cond-assign
  1:77369  warning  Expected a 'break' statement before 'case'                                                                                                       no-fallthrough
  1:77405  warning  Expected a 'break' statement before 'case'                                                                                                       no-fallthrough
  1:77447  warning  Expected a 'break' statement before 'case'                                                                                                       no-fallthrough
  1:77582  warning  Expected a 'break' statement before 'case'                                                                                                       no-fallthrough
  1:77619  warning  Expected a 'break' statement before 'case'                                                                                                       no-fallthrough
  1:77661  warning  Expected a 'break' statement before 'case'                                                                                                       no-fallthrough
  1:79325  warning  Expected a 'break' statement before 'case'                                                                                                       no-fallthrough
  1:79783  warning  Expected a 'break' statement before 'case'                                                                                                       no-fallthrough
  1:79973  warning  Expected a 'break' statement before 'default'                                                                                                    no-fallthrough
  1:80032  warning  Unnecessary escape character: \-                                                                                                                 no-useless-escape
  1:89485  warning  'r' is defined but never used                                                                                                                    no-unused-vars
  1:89543  warning  Unnecessary escape character: \.                                                                                                                 no-useless-escape
  1:89545  warning  Unnecessary escape character: \/                                                                                                                 no-useless-escape
  1:90733  warning  Unnecessary escape character: \.                                                                                                                 no-useless-escape
  1:90735  warning  Unnecessary escape character: \^                                                                                                                 no-useless-escape
  1:90739  warning  Unnecessary escape character: \[                                                                                                                 no-useless-escape
  1:90741  warning  Unnecessary escape character: \-                                                                                                                 no-useless-escape
  1:90780  warning  Unnecessary escape character: \.                                                                                                                 no-useless-escape
  1:90782  warning  Unnecessary escape character: \/                                                                                                                 no-useless-escape
  1:91000  warning  Do not access Object.prototype method 'hasOwnProperty' from target object                                                                        no-prototype-builtins

/home/runner/work/exp-density-sensor-coep/exp-density-sensor-coep/experiment/simulation/src/ServiceJson.js
   1:1   warning  'tempMasterJson' is not defined  no-undef
   4:1   warning  'masterJson' is not defined      no-undef
   6:1   warning  'masterJson' is not defined      no-undef
  14:20  warning  'masterJson' is not defined      no-undef
  15:1   warning  'masterJson' is not defined      no-undef
  23:20  warning  'masterJson' is not defined      no-undef
  24:1   warning  'masterJson' is not defined      no-undef
  32:20  warning  'masterJson' is not defined      no-undef
  34:1   warning  'masterJson' is not defined      no-undef
  41:20  warning  'masterJson' is not defined      no-undef
  43:1   warning  'masterJson' is not defined      no-undef
  51:20  warning  'masterJson' is not defined      no-undef

/home/runner/work/exp-density-sensor-coep/exp-density-sensor-coep/experiment/simulation/src/bootstrap.min.js
  6:99     warning  't' is defined but never used                                              no-unused-vars
  6:121    warning  'jQuery' is not defined                                                    no-undef
  6:1063   warning  'jQuery' is not defined                                                    no-undef
  6:2025   warning  'jQuery' is not defined                                                    no-undef
  6:3973   warning  'jQuery' is not defined                                                    no-undef
  6:8061   warning  'jQuery' is not defined                                                    no-undef
  6:11443  warning  'jQuery' is not defined                                                    no-undef
  6:13818  warning  'jQuery' is not defined                                                    no-undef
  6:20192  warning  'jQuery' is not defined                                                    no-undef
  6:23482  warning  Do not access Object.prototype method 'hasOwnProperty' from target object  no-prototype-builtins
  6:31057  warning  'jQuery' is not defined                                                    no-undef
  6:32796  warning  'jQuery' is not defined                                                    no-undef
  6:35218  warning  'jQuery' is not defined                                                    no-undef
  6:37052  warning  'jQuery' is not defined                                                    no-undef
  6:39546  warning  'jQuery' is not defined                                                    no-undef

/home/runner/work/exp-density-sensor-coep/exp-density-sensor-coep/experiment/simulation/src/graph.js
   2:10  warning  'graph' is defined but never used  no-unused-vars
   7:22  warning  'masterJson' is not defined        no-undef
   8:1   warning  Mixed spaces and tabs              no-mixed-spaces-and-tabs
   9:14  warning  'masterJson' is not defined        no-undef
  10:14  warning  'masterJson' is not defined        no-undef
  11:11  warning  'masterJson' is not defined        no-undef
  14:22  warning  'masterJson' is not defined        no-undef
  15:4   warning  'tempArr' is not defined           no-undef
  16:4   warning  'tempArr' is not defined           no-undef
  17:4   warning  'tempArr' is not defined           no-undef
  18:20  warning  'tempArr' is not defined           no-undef
  30:3   warning  'Xmax' is not defined              no-undef
  31:3   warning  'Ymax' is not defined              no-undef
  33:23  warning  'Xmax' is not defined              no-undef
  34:23  warning  'Ymax' is not defined              no-undef
  35:3   warning  'Xmin' is not defined              no-undef
  36:3   warning  'Ymin' is not defined              no-undef
  38:3   warning  'Highcharts' is not defined        no-undef
  54:2   warning  Mixed spaces and tabs              no-mixed-spaces-and-tabs
  55:2   warning  Mixed spaces and tabs              no-mixed-spaces-and-tabs
  66:2   warning  Mixed spaces and tabs              no-mixed-spaces-and-tabs
  67:2   warning  Mixed spaces and tabs              no-mixed-spaces-and-tabs
  74:3   warning  Mixed spaces and tabs              no-mixed-spaces-and-tabs
  75:3   warning  Mixed spaces and tabs              no-mixed-spaces-and-tabs
  76:3   warning  Mixed spaces and tabs              no-mixed-spaces-and-tabs
  77:3   warning  Mixed spaces and tabs              no-mixed-spaces-and-tabs
  78:3   warning  Mixed spaces and tabs              no-mixed-spaces-and-tabs

/home/runner/work/exp-density-sensor-coep/exp-density-sensor-coep/experiment/simulation/src/mainPage.js
    1:2   warning  'arrayJson' is not defined            no-undef
    2:1   warning  'masterJson' is not defined           no-undef
    3:1   warning  'materialValue1' is not defined       no-undef
   10:11  warning  'mainPage' is defined but never used  no-unused-vars
   11:1   warning  Mixed spaces and tabs                 no-mixed-spaces-and-tabs
   14:1   warning  Mixed spaces and tabs                 no-mixed-spaces-and-tabs
   15:1   warning  Mixed spaces and tabs                 no-mixed-spaces-and-tabs
   16:1   warning  Mixed spaces and tabs                 no-mixed-spaces-and-tabs
   17:1   warning  Mixed spaces and tabs                 no-mixed-spaces-and-tabs
   20:2   warning  Mixed spaces and tabs                 no-mixed-spaces-and-tabs
   21:2   warning  Mixed spaces and tabs                 no-mixed-spaces-and-tabs
   22:2   warning  Mixed spaces and tabs                 no-mixed-spaces-and-tabs
   23:2   warning  Mixed spaces and tabs                 no-mixed-spaces-and-tabs
   24:2   warning  Mixed spaces and tabs                 no-mixed-spaces-and-tabs
   25:2   warning  Mixed spaces and tabs                 no-mixed-spaces-and-tabs
   26:2   warning  Mixed spaces and tabs                 no-mixed-spaces-and-tabs
   27:2   warning  Mixed spaces and tabs                 no-mixed-spaces-and-tabs
   28:2   warning  Mixed spaces and tabs                 no-mixed-spaces-and-tabs
   29:2   warning  Mixed spaces and tabs                 no-mixed-spaces-and-tabs
   30:2   warning  Mixed spaces and tabs                 no-mixed-spaces-and-tabs
   31:2   warning  Mixed spaces and tabs                 no-mixed-spaces-and-tabs
   32:2   warning  Mixed spaces and tabs                 no-mixed-spaces-and-tabs
   33:2   warning  Mixed spaces and tabs                 no-mixed-spaces-and-tabs
   34:2   warning  Mixed spaces and tabs                 no-mixed-spaces-and-tabs
   35:2   warning  Mixed spaces and tabs                 no-mixed-spaces-and-tabs
   36:2   warning  Mixed spaces and tabs                 no-mixed-spaces-and-tabs
   37:2   warning  Mixed spaces and tabs                 no-mixed-spaces-and-tabs
   38:2   warning  Mixed spaces and tabs                 no-mixed-spaces-and-tabs
   39:2   warning  Mixed spaces and tabs                 no-mixed-spaces-and-tabs
   40:2   warning  Mixed spaces and tabs                 no-mixed-spaces-and-tabs
   41:2   warning  Mixed spaces and tabs                 no-mixed-spaces-and-tabs
   42:1   warning  Mixed spaces and tabs                 no-mixed-spaces-and-tabs
   43:1   warning  Mixed spaces and tabs                 no-mixed-spaces-and-tabs
   44:1   warning  Mixed spaces and tabs                 no-mixed-spaces-and-tabs
   45:1   warning  Mixed spaces and tabs                 no-mixed-spaces-and-tabs
   46:1   warning  Mixed spaces and tabs                 no-mixed-spaces-and-tabs
   47:1   warning  Mixed spaces and tabs                 no-mixed-spaces-and-tabs
   48:1   warning  Mixed spaces and tabs                 no-mixed-spaces-and-tabs
   49:2   warning  Mixed spaces and tabs                 no-mixed-spaces-and-tabs
   50:1   warning  Mixed spaces and tabs                 no-mixed-spaces-and-tabs
   51:1   warning  Mixed spaces and tabs                 no-mixed-spaces-and-tabs
   52:1   warning  Mixed spaces and tabs                 no-mixed-spaces-and-tabs
   53:1   warning  Mixed spaces and tabs                 no-mixed-spaces-and-tabs
   54:1   warning  Mixed spaces and tabs                 no-mixed-spaces-and-tabs
   55:1   warning  Mixed spaces and tabs                 no-mixed-spaces-and-tabs
   56:1   warning  Mixed spaces and tabs                 no-mixed-spaces-and-tabs
   57:1   warning  Mixed spaces and tabs                 no-mixed-spaces-and-tabs
   58:1   warning  Mixed spaces and tabs                 no-mixed-spaces-and-tabs
   59:1   warning  Mixed spaces and tabs                 no-mixed-spaces-and-tabs
   60:1   warning  Mixed spaces and tabs                 no-mixed-spaces-and-tabs
   61:1   warning  Mixed spaces and tabs                 no-mixed-spaces-and-tabs
   62:1   warning  Mixed spaces and tabs                 no-mixed-spaces-and-tabs
   65:2   warning  Mixed spaces and tabs                 no-mixed-spaces-and-tabs
   66:2   warning  Mixed spaces and tabs                 no-mixed-spaces-and-tabs
   67:2   warning  Mixed spaces and tabs                 no-mixed-spaces-and-tabs
   68:2   warning  Mixed spaces and tabs                 no-mixed-spaces-and-tabs
   69:1   warning  Mixed spaces and tabs                 no-mixed-spaces-and-tabs
   70:1   warning  Mixed spaces and tabs                 no-mixed-spaces-and-tabs
   71:1   warning  Mixed spaces and tabs                 no-mixed-spaces-and-tabs
   73:1   warning  Mixed spaces and tabs                 no-mixed-spaces-and-tabs
   75:1   warning  Mixed spaces and tabs                 no-mixed-spaces-and-tabs
   76:1   warning  Mixed spaces and tabs                 no-mixed-spaces-and-tabs
   78:1   warning  Mixed spaces and tabs                 no-mixed-spaces-and-tabs
   79:1   warning  Mixed spaces and tabs                 no-mixed-spaces-and-tabs
   80:1   warning  Mixed spaces and tabs                 no-mixed-spaces-and-tabs
   82:1   warning  Mixed spaces and tabs                 no-mixed-spaces-and-tabs
   83:1   warning  Mixed spaces and tabs                 no-mixed-spaces-and-tabs
   84:1   warning  Mixed spaces and tabs                 no-mixed-spaces-and-tabs
   85:1   warning  Mixed spaces and tabs                 no-mixed-spaces-and-tabs
   86:1   warning  Mixed spaces and tabs                 no-mixed-spaces-and-tabs
   87:1   warning  Mixed spaces and tabs                 no-mixed-spaces-and-tabs
   88:1   warning  Mixed spaces and tabs                 no-mixed-spaces-and-tabs
   89:1   warning  Mixed spaces and tabs                 no-mixed-spaces-and-tabs
   90:1   warning  Mixed spaces and tabs                 no-mixed-spaces-and-tabs
   91:1   warning  Mixed spaces and tabs                 no-mixed-spaces-and-tabs
   92:1   warning  Mixed spaces and tabs                 no-mixed-spaces-and-tabs
   93:1   warning  Mixed spaces and tabs                 no-mixed-spaces-and-tabs
   97:1   warning  Mixed spaces and tabs                 no-mixed-spaces-and-tabs
   98:2   warning  Mixed spaces and tabs                 no-mixed-spaces-and-tabs
   99:1   warning  Mixed spaces and tabs                 no-mixed-spaces-and-tabs
  100:1   warning  Mixed spaces and tabs                 no-mixed-spaces-and-tabs
  101:1   warning  Mixed spaces and tabs                 no-mixed-spaces-and-tabs
  102:1   warning  Mixed spaces and tabs                 no-mixed-spaces-and-tabs
  103:1   warning  Mixed spaces and tabs                 no-mixed-spaces-and-tabs
  104:1   warning  Mixed spaces and tabs                 no-mixed-spaces-and-tabs
  105:1   warning  Mixed spaces and tabs                 no-mixed-spaces-and-tabs
  106:1   warning  Mixed spaces and tabs                 no-mixed-spaces-and-tabs
  107:1   warning  Mixed spaces and tabs                 no-mixed-spaces-and-tabs
  108:1   warning  Mixed spaces and tabs                 no-mixed-spaces-and-tabs
  109:1   warning  Mixed spaces and tabs                 no-mixed-spaces-and-tabs
  110:1   warning  Mixed spaces and tabs                 no-mixed-spaces-and-tabs
  111:1   warning  Mixed spaces and tabs                 no-mixed-spaces-and-tabs
  112:1   warning  Mixed spaces and tabs                 no-mixed-spaces-and-tabs
  113:1   warning  Mixed spaces and tabs                 no-mixed-spaces-and-tabs
  114:1   warning  Mixed spaces and tabs                 no-mixed-spaces-and-tabs
  115:1   warning  Mixed spaces and tabs                 no-mixed-spaces-and-tabs
  116:1   warning  Mixed spaces and tabs                 no-mixed-spaces-and-tabs
  117:1   warning  Mixed spaces and tabs                 no-mixed-spaces-and-tabs
  118:1   warning  Mixed spaces and tabs                 no-mixed-spaces-and-tabs
  119:1   warning  Mixed spaces and tabs                 no-mixed-spaces-and-tabs
  120:1   warning  Mixed spaces and tabs                 no-mixed-spaces-and-tabs
  121:1   warning  Mixed spaces and tabs                 no-mixed-spaces-and-tabs
  122:1   warning  Mixed spaces and tabs                 no-mixed-spaces-and-tabs
  123:1   warning  Mixed spaces and tabs                 no-mixed-spaces-and-tabs
  124:1   warning  Mixed spaces and tabs                 no-mixed-spaces-and-tabs
  125:1   warning  Mixed spaces and tabs                 no-mixed-spaces-and-tabs
  126:1   warning  Mixed spaces and tabs                 no-mixed-spaces-and-tabs
  127:1   warning  Mixed spaces and tabs                 no-mixed-spaces-and-tabs
  129:1   warning  Mixed spaces and tabs                 no-mixed-spaces-and-tabs
  130:1   warning  Mixed spaces and tabs                 no-mixed-spaces-and-tabs
  131:1   warning  Mixed spaces and tabs                 no-mixed-spaces-and-tabs
  132:1   warning  Mixed spaces and tabs                 no-mixed-spaces-and-tabs
  133:1   warning  Mixed spaces and tabs                 no-mixed-spaces-and-tabs
  134:1   warning  Mixed spaces and tabs                 no-mixed-spaces-and-tabs
  135:1   warning  Mixed spaces and tabs                 no-mixed-spaces-and-tabs
  136:1   warning  Mixed spaces and tabs                 no-mixed-spaces-and-tabs
  137:1   warning  Mixed spaces and tabs                 no-mixed-spaces-and-tabs
  138:1   warning  Mixed spaces and tabs                 no-mixed-spaces-and-tabs
  139:1   warning  Mixed spaces and tabs                 no-mixed-spaces-and-tabs
  141:1   warning  Mixed spaces and tabs                 no-mixed-spaces-and-tabs
  142:1   warning  Mixed spaces and tabs                 no-mixed-spaces-and-tabs
  143:1   warning  Mixed spaces and tabs                 no-mixed-spaces-and-tabs
  144:1   warning  Mixed spaces and tabs                 no-mixed-spaces-and-tabs
  145:1   warning  Mixed spaces and tabs                 no-mixed-spaces-and-tabs
  146:1   warning  Mixed spaces and tabs                 no-mixed-spaces-and-tabs
  147:1   warning  Mixed spaces and tabs                 no-mixed-spaces-and-tabs
  148:1   warning  Mixed spaces and tabs                 no-mixed-spaces-and-tabs
  149:1   warning  Mixed spaces and tabs                 no-mixed-spaces-and-tabs
  150:3   warning  Mixed spaces and tabs                 no-mixed-spaces-and-tabs
  150:5   warning  '$' is not defined                    no-undef
  151:1   warning  Mixed spaces and tabs                 no-mixed-spaces-and-tabs
  151:8   warning  '$' is not defined                    no-undef
  153:2   warning  '$' is not defined                    no-undef
  154:3   warning  'materialValue1' is not defined       no-undef
  154:19  warning  '$' is not defined                    no-undef
  156:6   warning  'materialValue1' is not defined       no-undef
  160:11  warning  'materialValue1' is not defined       no-undef
  164:11  warning  'materialValue1' is not defined       no-undef
  168:11  warning  'materialValue1' is not defined       no-undef
  172:11  warning  'materialValue1' is not defined       no-undef
  176:3   warning  '$' is not defined                    no-undef
  178:2   warning  '$' is not defined                    no-undef
  179:3   warning  '$' is not defined                    no-undef
  180:3   warning  '$' is not defined                    no-undef
  181:3   warning  '$' is not defined                    no-undef
  182:3   warning  '$' is not defined                    no-undef
  183:3   warning  '$' is not defined                    no-undef
  184:2   warning  Mixed spaces and tabs                 no-mixed-spaces-and-tabs
  184:6   warning  'materialValue1' is not defined       no-undef
  184:22  warning  '$' is not defined                    no-undef
  185:2   warning  Mixed spaces and tabs                 no-mixed-spaces-and-tabs
  185:25  warning  'materialValue1' is not defined       no-undef
  186:2   warning  Mixed spaces and tabs                 no-mixed-spaces-and-tabs
  186:6   warning  'materialSelection2' is not defined   no-undef
  186:25  warning  '$' is not defined                    no-undef
  187:2   warning  Mixed spaces and tabs                 no-mixed-spaces-and-tabs
  187:6   warning  '$' is not defined                    no-undef
  187:40  warning  'materialSelection2' is not defined   no-undef
  188:2   warning  Mixed spaces and tabs                 no-mixed-spaces-and-tabs
  188:6   warning  '$' is not defined                    no-undef
  189:2   warning  Mixed spaces and tabs                 no-mixed-spaces-and-tabs
  189:6   warning  'mimic' is not defined                no-undef
  190:2   warning  Mixed spaces and tabs                 no-mixed-spaces-and-tabs
  191:2   warning  Mixed spaces and tabs                 no-mixed-spaces-and-tabs
  192:1   warning  Mixed spaces and tabs                 no-mixed-spaces-and-tabs
  197:2   warning  Mixed spaces and tabs                 no-mixed-spaces-and-tabs
  197:4   warning  '$' is not defined                    no-undef
  198:3   warning  Mixed spaces and tabs                 no-mixed-spaces-and-tabs
  198:5   warning  '$' is not defined                    no-undef
  199:3   warning  Mixed spaces and tabs                 no-mixed-spaces-and-tabs
  199:5   warning  'materialValue' is not defined        no-undef
  199:19  warning  '$' is not defined                    no-undef
  200:3   warning  Mixed spaces and tabs                 no-mixed-spaces-and-tabs
  200:8   warning  'materialValue' is not defined        no-undef
  201:4   warning  Mixed spaces and tabs                 no-mixed-spaces-and-tabs
  202:4   warning  Mixed spaces and tabs                 no-mixed-spaces-and-tabs
  203:4   warning  Mixed spaces and tabs                 no-mixed-spaces-and-tabs
  204:5   warning  Mixed spaces and tabs                 no-mixed-spaces-and-tabs
  205:5   warning  Mixed spaces and tabs                 no-mixed-spaces-and-tabs
  206:5   warning  Mixed spaces and tabs                 no-mixed-spaces-and-tabs
  207:5   warning  Mixed spaces and tabs                 no-mixed-spaces-and-tabs
  208:4   warning  Mixed spaces and tabs                 no-mixed-spaces-and-tabs
  209:3   warning  Mixed spaces and tabs                 no-mixed-spaces-and-tabs
  209:14  warning  'materialValue' is not defined        no-undef
  210:3   warning  Mixed spaces and tabs                 no-mixed-spaces-and-tabs
  211:4   warning  Mixed spaces and tabs                 no-mixed-spaces-and-tabs
  212:4   warning  Mixed spaces and tabs                 no-mixed-spaces-and-tabs
  213:5   warning  Mixed spaces and tabs                 no-mixed-spaces-and-tabs
  214:5   warning  Mixed spaces and tabs                 no-mixed-spaces-and-tabs
  215:5   warning  Mixed spaces and tabs                 no-mixed-spaces-and-tabs
  216:4   warning  Mixed spaces and tabs                 no-mixed-spaces-and-tabs
  217:3   warning  Mixed spaces and tabs                 no-mixed-spaces-and-tabs
  217:14  warning  'materialValue' is not defined        no-undef
  218:3   warning  Mixed spaces and tabs                 no-mixed-spaces-and-tabs
  219:4   warning  Mixed spaces and tabs                 no-mixed-spaces-and-tabs
  220:4   warning  Mixed spaces and tabs                 no-mixed-spaces-and-tabs
  221:5   warning  Mixed spaces and tabs                 no-mixed-spaces-and-tabs
  222:5   warning  Mixed spaces and tabs                 no-mixed-spaces-and-tabs
  223:5   warning  Mixed spaces and tabs                 no-mixed-spaces-and-tabs
  224:4   warning  Mixed spaces and tabs                 no-mixed-spaces-and-tabs
  225:3   warning  Mixed spaces and tabs                 no-mixed-spaces-and-tabs
  225:14  warning  'materialValue' is not defined        no-undef
  226:3   warning  Mixed spaces and tabs                 no-mixed-spaces-and-tabs
  227:4   warning  Mixed spaces and tabs                 no-mixed-spaces-and-tabs
  228:4   warning  Mixed spaces and tabs                 no-mixed-spaces-and-tabs
  229:5   warning  Mixed spaces and tabs                 no-mixed-spaces-and-tabs
  230:5   warning  Mixed spaces and tabs                 no-mixed-spaces-and-tabs
  231:5   warning  Mixed spaces and tabs                 no-mixed-spaces-and-tabs
  232:4   warning  Mixed spaces and tabs                 no-mixed-spaces-and-tabs
  233:3   warning  Mixed spaces and tabs                 no-mixed-spaces-and-tabs
  233:14  warning  'materialValue' is not defined        no-undef
  234:3   warning  Mixed spaces and tabs                 no-mixed-spaces-and-tabs
  235:4   warning  Mixed spaces and tabs                 no-mixed-spaces-and-tabs
  236:4   warning  Mixed spaces and tabs                 no-mixed-spaces-and-tabs
  237:5   warning  Mixed spaces and tabs                 no-mixed-spaces-and-tabs
  238:5   warning  Mixed spaces and tabs                 no-mixed-spaces-and-tabs
  239:5   warning  Mixed spaces and tabs                 no-mixed-spaces-and-tabs
  240:4   warning  Mixed spaces and tabs                 no-mixed-spaces-and-tabs
  243:2   warning  Mixed spaces and tabs                 no-mixed-spaces-and-tabs
  246:1   warning  Mixed spaces and tabs                 no-mixed-spaces-and-tabs
  247:1   warning  Mixed spaces and tabs                 no-mixed-spaces-and-tabs
  247:4   warning  '$' is not defined                    no-undef
  248:2   warning  Mixed spaces and tabs                 no-mixed-spaces-and-tabs
  249:2   warning  Mixed spaces and tabs                 no-mixed-spaces-and-tabs
  249:5   warning  '$' is not defined                    no-undef
  250:2   warning  Mixed spaces and tabs                 no-mixed-spaces-and-tabs
  251:2   warning  Mixed spaces and tabs                 no-mixed-spaces-and-tabs
  252:2   warning  Mixed spaces and tabs                 no-mixed-spaces-and-tabs
  253:2   warning  Mixed spaces and tabs                 no-mixed-spaces-and-tabs
  254:2   warning  Mixed spaces and tabs                 no-mixed-spaces-and-tabs
  254:5   warning  'flow' is not defined                 no-undef
  254:12  warning  '$' is not defined                    no-undef
  255:2   warning  Mixed spaces and tabs                 no-mixed-spaces-and-tabs
  255:8   warning  'flow' is not defined                 no-undef
  256:3   warning  Mixed spaces and tabs                 no-mixed-spaces-and-tabs
  258:3   warning  Mixed spaces and tabs                 no-mixed-spaces-and-tabs
  258:6   warning  '$' is not defined                    no-undef
  259:3   warning  Mixed spaces and tabs                 no-mixed-spaces-and-tabs
  259:6   warning  '$' is not defined                    no-undef
  260:4   warning  '$' is not defined                    no-undef
  266:6   warning  'flow' is not defined                 no-undef
  266:13  warning  '$' is not defined                    no-undef
  268:27  warning  'flow' is not defined                 no-undef
  268:52  warning  'flow' is not defined                 no-undef
  271:7   warning  '$' is not defined                    no-undef
  272:6   warning  Mixed spaces and tabs                 no-mixed-spaces-and-tabs
  272:10  warning  '$' is not defined                    no-undef
  273:6   warning  Mixed spaces and tabs                 no-mixed-spaces-and-tabs
  273:10  warning  '$' is not defined                    no-undef
  274:4   warning  Mixed spaces and tabs                 no-mixed-spaces-and-tabs
  274:14  warning  '$' is not defined                    no-undef
  275:6   warning  Mixed spaces and tabs                 no-mixed-spaces-and-tabs
  275:8   warning  '$' is not defined                    no-undef
  276:7   warning  '$' is not defined                    no-undef
  277:6   warning  Mixed spaces and tabs                 no-mixed-spaces-and-tabs
  277:8   warning  '$' is not defined                    no-undef
  279:7   warning  'tableCreate' is not defined          no-undef
  279:19  warning  'masterJson' is not defined           no-undef
  280:7   warning  '$' is not defined                    no-undef
  281:7   warning  '$' is not defined                    no-undef
  284:6   warning  Mixed spaces and tabs                 no-mixed-spaces-and-tabs
  284:8   warning  '$' is not defined                    no-undef
  285:6   warning  Mixed spaces and tabs                 no-mixed-spaces-and-tabs
  285:8   warning  '$' is not defined                    no-undef
  286:8   warning  '$' is not defined                    no-undef
  290:5   warning  Mixed spaces and tabs                 no-mixed-spaces-and-tabs
  290:7   warning  '$' is not defined                    no-undef
  291:6   warning  '$' is not defined                    no-undef
  292:6   warning  '$' is not defined                    no-undef
  296:6   warning  'flow' is not defined                 no-undef
  296:13  warning  '$' is not defined                    no-undef
  298:26  warning  'flow' is not defined                 no-undef
  298:51  warning  'flow' is not defined                 no-undef
  301:7   warning  '$' is not defined                    no-undef
  302:7   warning  '$' is not defined                    no-undef
  303:6   warning  Mixed spaces and tabs                 no-mixed-spaces-and-tabs
  303:10  warning  '$' is not defined                    no-undef
  305:6   warning  Mixed spaces and tabs                 no-mixed-spaces-and-tabs
  305:10  warning  '$' is not defined                    no-undef
  306:6   warning  Mixed spaces and tabs                 no-mixed-spaces-and-tabs
  306:10  warning  'tableCreate' is not defined          no-undef
  306:22  warning  'masterJson' is not defined           no-undef
  307:6   warning  Mixed spaces and tabs                 no-mixed-spaces-and-tabs
  308:8   warning  '$' is not defined                    no-undef
  309:8   warning  '$' is not defined                    no-undef
  311:6   warning  Mixed spaces and tabs                 no-mixed-spaces-and-tabs
  311:8   warning  '$' is not defined                    no-undef
  312:6   warning  Mixed spaces and tabs                 no-mixed-spaces-and-tabs
  312:9   warning  '$' is not defined                    no-undef
  313:7   warning  '$' is not defined                    no-undef
  318:6   warning  Mixed spaces and tabs                 no-mixed-spaces-and-tabs
  318:8   warning  '$' is not defined                    no-undef
  319:6   warning  Mixed spaces and tabs                 no-mixed-spaces-and-tabs
  319:9   warning  '$' is not defined                    no-undef
  320:7   warning  '$' is not defined                    no-undef
  326:1   warning  Mixed spaces and tabs                 no-mixed-spaces-and-tabs
  327:1   warning  Mixed spaces and tabs                 no-mixed-spaces-and-tabs
  327:8   warning  'id' is already defined               no-redeclare
  328:1   warning  Mixed spaces and tabs                 no-mixed-spaces-and-tabs
  328:4   warning  '$' is not defined                    no-undef
  329:2   warning  Mixed spaces and tabs                 no-mixed-spaces-and-tabs
  333:2   warning  Mixed spaces and tabs                 no-mixed-spaces-and-tabs
  333:5   warning  '$' is not defined                    no-undef
  334:2   warning  Mixed spaces and tabs                 no-mixed-spaces-and-tabs
  335:2   warning  Mixed spaces and tabs                 no-mixed-spaces-and-tabs
  335:5   warning  'flow' is not defined                 no-undef
  335:12  warning  '$' is not defined                    no-undef
  336:2   warning  Mixed spaces and tabs                 no-mixed-spaces-and-tabs
  336:8   warning  'flow' is not defined                 no-undef
  338:3   warning  Mixed spaces and tabs                 no-mixed-spaces-and-tabs
  338:6   warning  '$' is not defined                    no-undef
  339:3   warning  Mixed spaces and tabs                 no-mixed-spaces-and-tabs
  339:6   warning  '$' is not defined                    no-undef
  340:4   warning  '$' is not defined                    no-undef
  346:15  warning  'flow' is not defined                 no-undef
  349:6   warning  Mixed spaces and tabs                 no-mixed-spaces-and-tabs
  349:8   warning  '$' is not defined                    no-undef
  350:7   warning  '$' is not defined                    no-undef
  351:7   warning  '$' is not defined                    no-undef
  352:7   warning  '$' is not defined                    no-undef
  357:7   warning  '$' is not defined                    no-undef
  361:22  warning  'flow' is not defined                 no-undef
  362:6   warning  Mixed spaces and tabs                 no-mixed-spaces-and-tabs
  362:8   warning  '$' is not defined                    no-undef
  363:6   warning  '$' is not defined                    no-undef
  364:6   warning  '$' is not defined                    no-undef
  370:5   warning  Mixed spaces and tabs                 no-mixed-spaces-and-tabs
  370:7   warning  '$' is not defined                    no-undef
  371:6   warning  '$' is not defined                    no-undef
  372:6   warning  '$' is not defined                    no-undef
  376:6   warning  'flow' is not defined                 no-undef
  376:13  warning  '$' is not defined                    no-undef
  378:15  warning  'flow' is not defined                 no-undef
  381:7   warning  '$' is not defined                    no-undef
  383:7   warning  '$' is not defined                    no-undef
  384:12  warning  '$' is not defined                    no-undef
  385:6   warning  Mixed spaces and tabs                 no-mixed-spaces-and-tabs
  385:8   warning  '$' is not defined                    no-undef
  387:7   warning  '$' is not defined                    no-undef
  395:6   warning  Mixed spaces and tabs                 no-mixed-spaces-and-tabs
  395:8   warning  '$' is not defined                    no-undef
  396:6   warning  Mixed spaces and tabs                 no-mixed-spaces-and-tabs
  396:8   warning  '$' is not defined                    no-undef
  397:7   warning  '$' is not defined                    no-undef
  403:1   warning  Mixed spaces and tabs                 no-mixed-spaces-and-tabs
  406:2   warning  Mixed spaces and tabs                 no-mixed-spaces-and-tabs
  407:3   warning  Mixed spaces and tabs                 no-mixed-spaces-and-tabs
  407:6   warning  'tempJson' is not defined             no-undef
  408:5   warning  'tempJson' is not defined             no-undef
  409:5   warning  'tempJson' is not defined             no-undef
  410:5   warning  'tempJson' is not defined             no-undef
  411:5   warning  'tempJson' is not defined             no-undef
  412:5   warning  'tempJson' is not defined             no-undef
  413:5   warning  'arrayJson' is not defined            no-undef
  413:20  warning  'tempJson' is not defined             no-undef
  414:5   warning  'masterJson' is not defined           no-undef
  414:23  warning  'arrayJson' is not defined            no-undef
  416:2   warning  Mixed spaces and tabs                 no-mixed-spaces-and-tabs
  417:1   warning  Mixed spaces and tabs                 no-mixed-spaces-and-tabs

/home/runner/work/exp-density-sensor-coep/exp-density-sensor-coep/experiment/simulation/src/mimic.js
   2:11   warning  'mimic' is defined but never used            no-unused-vars
   2:35   warning  'density' is defined but never used          no-unused-vars
   4:2    warning  '$' is not defined                           no-undef
   5:2    warning  '$' is not defined                           no-undef
   6:5    warning  '$' is not defined                           no-undef
   7:2    warning  '$' is not defined                           no-undef
  10:1    warning  Mixed spaces and tabs                        no-mixed-spaces-and-tabs
  11:14   warning  '$' is not defined                           no-undef
  13:6    warning  '$' is not defined                           no-undef
  14:11   warning  '$' is not defined                           no-undef
  15:3    warning  'paper' is not defined                       no-undef
  15:15   warning  'Raphael' is not defined                     no-undef
  16:3    warning  'paper' is not defined                       no-undef
  17:3    warning  'paper' is not defined                       no-undef
  19:3    warning  'paper' is not defined                       no-undef
  19:15   warning  'Raphael' is not defined                     no-undef
  20:3    warning  'paper' is not defined                       no-undef
  21:3    warning  'paper' is not defined                       no-undef
  23:2    warning  'x' is not defined                           no-undef
  24:2    warning  'y' is not defined                           no-undef
  25:6    warning  'width' is already defined                   no-redeclare
  25:6    warning  'width' is assigned a value but never used   no-unused-vars
  26:6    warning  'height' is assigned a value but never used  no-unused-vars
  28:6    warning  'color' is already defined                   no-redeclare
  36:13   warning  'paper' is not defined                       no-undef
  36:153  warning  Duplicate key 'font-size'                    no-dupe-keys
  37:7    warning  't2' is assigned a value but never used      no-unused-vars
  37:11   warning  'paper' is not defined                       no-undef
  40:4    warning  Mixed spaces and tabs                        no-mixed-spaces-and-tabs
  41:4    warning  Mixed spaces and tabs                        no-mixed-spaces-and-tabs
  41:20   warning  'paper' is not defined                       no-undef
  42:4    warning  Mixed spaces and tabs                        no-mixed-spaces-and-tabs
  43:4    warning  Mixed spaces and tabs                        no-mixed-spaces-and-tabs
  43:18   warning  'paper' is not defined                       no-undef
  44:4    warning  Mixed spaces and tabs                        no-mixed-spaces-and-tabs
  44:10   warning  'circle' is assigned a value but never used  no-unused-vars
  44:17   warning  'paper' is not defined                       no-undef
  45:4    warning  Mixed spaces and tabs                        no-mixed-spaces-and-tabs
  46:4    warning  Mixed spaces and tabs                        no-mixed-spaces-and-tabs
  46:15   warning  'paper' is not defined                       no-undef
  47:4    warning  Mixed spaces and tabs                        no-mixed-spaces-and-tabs
  48:4    warning  Mixed spaces and tabs                        no-mixed-spaces-and-tabs
  49:4    warning  Mixed spaces and tabs                        no-mixed-spaces-and-tabs
  49:16   warning  'paper' is not defined                       no-undef
  50:4    warning  Mixed spaces and tabs                        no-mixed-spaces-and-tabs
  50:24   warning  'paper' is not defined                       no-undef
  51:4    warning  Mixed spaces and tabs                        no-mixed-spaces-and-tabs
  51:17   warning  'paper' is not defined                       no-undef
  52:4    warning  Mixed spaces and tabs                        no-mixed-spaces-and-tabs
  53:4    warning  Mixed spaces and tabs                        no-mixed-spaces-and-tabs
  54:10   warning  'paper' is not defined                       no-undef
  58:18   warning  'paper' is not defined                       no-undef
  63:3    warning  'myTimer' is not defined                     no-undef
  67:5    warning  '$' is not defined                           no-undef
  70:5    warning  '$' is not defined                           no-undef
  71:5    warning  'tunning2' is not defined                    no-undef
  71:16   warning  'paper' is not defined                       no-undef
  72:5    warning  'tunning2' is not defined                    no-undef
  73:19   warning  'myTimer' is not defined                     no-undef
  75:5    warning  '$' is not defined                           no-undef
  87:10   warning  'paper' is not defined                       no-undef

/home/runner/work/exp-density-sensor-coep/exp-density-sensor-coep/experiment/simulation/src/questionJson.js
    3:1  warning  'QuestionsJSON' is not defined                   no-undef
  133:5  warning  'ANSWERJSON' is assigned a value but never used  no-unused-vars

/home/runner/work/exp-density-sensor-coep/exp-density-sensor-coep/experiment/simulation/src/questions.js
    5:4   warning  'dataQues' is not defined       no-undef
   11:24  warning  'QuestionsJSON' is not defined  no-undef
   13:25  warning  'QuestionsJSON' is not defined  no-undef
   19:9   warning  'QuestionsJSON' is not defined  no-undef
   22:26  warning  'QuestionsJSON' is not defined  no-undef
   27:86  warning  'QuestionsJSON' is not defined  no-undef
   29:10  warning  'QuestionsJSON' is not defined  no-undef
   32:10  warning  'QuestionsJSON' is not defined  no-undef
   74:4   warning  '$' is not defined              no-undef
   79:4   warning  '$' is not defined              no-undef
   80:5   warning  '$' is not defined              no-undef
   83:26  warning  'QuestionsJSON' is not defined  no-undef
   85:17  warning  '$' is not defined              no-undef
   88:19  warning  '$' is not defined              no-undef
   91:17  warning  '$' is not defined              no-undef
   98:8   warning  '$' is not defined              no-undef
   99:8   warning  '$' is not defined              no-undef
  112:16  warning  'i' is already defined          no-redeclare
  119:5   warning  Mixed spaces and tabs           no-mixed-spaces-and-tabs
  120:6   warning  Mixed spaces and tabs           no-mixed-spaces-and-tabs
  120:8   warning  '$' is not defined              no-undef
  124:2   warning  Mixed spaces and tabs           no-mixed-spaces-and-tabs
  127:6   warning  '$' is not defined              no-undef
  129:8   warning  '$' is not defined              no-undef
  130:8   warning  '$' is not defined              no-undef
  131:6   warning  Mixed spaces and tabs           no-mixed-spaces-and-tabs
  131:11  warning  'mainPage' is not defined       no-undef
  138:4   warning  '$' is not defined              no-undef
  140:5   warning  '$' is not defined              no-undef
  141:5   warning  'graph' is not defined          no-undef

/home/runner/work/exp-density-sensor-coep/exp-density-sensor-coep/experiment/simulation/src/table.js
   2:10  warning  'tableCreate' is defined but never used  no-unused-vars
  30:6   warning  Mixed spaces and tabs                    no-mixed-spaces-and-tabs
  33:5   warning  Mixed spaces and tabs                    no-mixed-spaces-and-tabs
  36:5   warning  '$' is not defined                       no-undef
  42:6   warning  '$' is not defined                       no-undef
  43:6   warning  '$' is not defined                       no-undef
  44:6   warning  '$' is not defined                       no-undef
  46:6   warning  '$' is not defined                       no-undef
  47:6   warning  '$' is not defined                       no-undef
  48:6   warning  '$' is not defined                       no-undef
  49:6   warning  'graph' is not defined                   no-undef
  50:6   warning  '$' is not defined                       no-undef

✖ 692 problems (1 error, 691 warnings)

